<?xml version="1.0" encoding="UTF-8"?>
<!-- Generated by org.testng.reporters.JUnitReportReporter -->
<testsuite skipped="0" hostname="DESKTOP-R0QK2O8" name="demo.DemoTestDataProvider" tests="3" failures="0" timestamp="06 Mar 2019 01:59:59 GMT" time="0.065" errors="0">
  <testcase name="printTestData" time="0.005" classname="demo.DemoTestDataProvider"/>
  <testcase name="printTestData" time="0.043" classname="demo.DemoTestDataProvider"/>
  <testcase name="printTestData" time="0.017" classname="demo.DemoTestDataProvider"/>
</testsuite> <!-- demo.DemoTestDataProvider -->
