<?xml version="1.0" encoding="UTF-8"?>
<!-- Generated by org.testng.reporters.JUnitReportReporter -->
<testsuite skipped="0" hostname="DESKTOP-R0QK2O8" name="demo.DemoAmazonPageFactoryStyle" tests="1" failures="0" timestamp="01 Mar 2019 02:29:30 GMT" time="7.917" errors="0">
  <testcase name="searchProduct" time="7.917" classname="demo.DemoAmazonPageFactoryStyle"/>
</testsuite> <!-- demo.DemoAmazonPageFactoryStyle -->
